[2019-05-25T15:49:07.732] [DEBUG] xiaomu - app started at port 3009...
[2019-05-28T17:52:38.551] [DEBUG] xiaomu - Bugs API Init...
[2019-05-28T17:52:38.557] [DEBUG] xiaomu - app started at port 3009...
[2019-05-28T18:49:08.173] [DEBUG] xiaomu - Bugs API Init...
[2019-05-28T18:49:08.180] [DEBUG] xiaomu - Users API Init...
[2019-05-28T18:49:08.196] [DEBUG] xiaomu - app started at port 3009...
[2019-05-28T18:53:33.681] [DEBUG] xiaomu - Bugs API Init...
[2019-05-28T18:53:33.688] [DEBUG] xiaomu - Users API Init...
[2019-05-28T18:53:33.689] [DEBUG] xiaomu - Areas API Init...
[2019-05-28T18:53:33.692] [DEBUG] xiaomu - app started at port 3009...
[2019-05-28T18:57:29.596] [DEBUG] xiaomu - Areas API Init...
[2019-05-28T18:57:29.606] [DEBUG] xiaomu - Bugs API Init...
[2019-05-28T18:57:29.608] [DEBUG] xiaomu - Devices API Init...
[2019-05-28T18:57:29.608] [DEBUG] xiaomu - Device_Types API Init...
[2019-05-28T18:57:29.609] [DEBUG] xiaomu - Levels API Init...
[2019-05-28T18:57:29.610] [DEBUG] xiaomu - Nfcs API Init...
[2019-05-28T18:57:29.610] [DEBUG] xiaomu - Problems API Init...
[2019-05-28T18:57:29.611] [DEBUG] xiaomu - Records API Init...
[2019-05-28T18:57:29.612] [DEBUG] xiaomu - Samples API Init...
[2019-05-28T18:57:29.612] [DEBUG] xiaomu - Sms API Init...
[2019-05-28T18:57:29.620] [DEBUG] xiaomu - Tasks API Init...
[2019-05-28T18:57:29.621] [DEBUG] xiaomu - Users API Init...
[2019-05-28T18:57:29.624] [DEBUG] xiaomu - app started at port 3009...
[2019-05-28T19:04:26.341] [DEBUG] xiaomu - Areas API Init...
[2019-05-28T19:04:26.353] [DEBUG] xiaomu - Bugs API Init...
[2019-05-28T19:04:26.356] [DEBUG] xiaomu - Devices API Init...
[2019-05-28T19:04:26.359] [DEBUG] xiaomu - Device_Types API Init...
[2019-05-28T19:04:26.359] [DEBUG] xiaomu - Levels API Init...
[2019-05-28T19:04:26.360] [DEBUG] xiaomu - Nfcs API Init...
[2019-05-28T19:04:26.360] [DEBUG] xiaomu - Problems API Init...
[2019-05-28T19:04:26.361] [DEBUG] xiaomu - Records API Init...
[2019-05-28T19:04:26.362] [DEBUG] xiaomu - Samples API Init...
[2019-05-28T19:04:26.362] [DEBUG] xiaomu - Sms API Init...
[2019-05-28T19:04:26.373] [DEBUG] xiaomu - Tasks API Init...
[2019-05-28T19:04:26.374] [DEBUG] xiaomu - Users API Init...
[2019-05-28T19:04:26.376] [DEBUG] xiaomu - app started at port 3009...
[2019-05-28T19:05:18.697] [DEBUG] xiaomu - 监听到短信请求： [ { phonenumber: '18119645092',
    name: '谢二专',
    title: 'fdsa',
    time: '2019年05月28日' } ]
[2019-05-28T19:05:19.029] [DEBUG] xiaomu - { Message: 'OK',
  RequestId: 'B0C88382-EFE4-4EA3-9FDD-26C072F91CB9',
  BizId: '383613359041518898^0',
  Code: 'OK' }
[2019-05-29T11:43:06.229] [DEBUG] xiaomu - Areas API Init...
[2019-05-29T11:43:06.245] [DEBUG] xiaomu - Bugs API Init...
[2019-05-29T11:43:06.249] [DEBUG] xiaomu - Devices API Init...
[2019-05-29T11:43:06.252] [DEBUG] xiaomu - Device_Types API Init...
[2019-05-29T11:43:06.253] [DEBUG] xiaomu - Levels API Init...
[2019-05-29T11:43:06.254] [DEBUG] xiaomu - Nfcs API Init...
[2019-05-29T11:43:06.256] [DEBUG] xiaomu - Problems API Init...
[2019-05-29T11:43:06.257] [DEBUG] xiaomu - Records API Init...
[2019-05-29T11:43:06.309] [DEBUG] xiaomu - Samples API Init...
[2019-05-29T11:43:06.310] [DEBUG] xiaomu - Sms API Init...
[2019-05-29T11:43:06.354] [DEBUG] xiaomu - Tasks API Init...
[2019-05-29T11:43:06.357] [DEBUG] xiaomu - Users API Init...
[2019-05-29T11:43:06.361] [DEBUG] xiaomu - app started at port 3009...
[2019-05-29T11:44:11.690] [DEBUG] xiaomu - ReferenceError: Devices is not defined
    at router.post (/Users/coco/Documents/GitHub/factory_api/nfc.js:71:26)
[2019-05-29T11:46:49.378] [DEBUG] xiaomu - ReferenceError: Devices is not defined
    at router.post (/Users/coco/Documents/GitHub/factory_api/nfc.js:71:26)
[2019-05-29T11:49:37.333] [DEBUG] xiaomu - ReferenceError: Devices is not defined
    at router.post (/Users/coco/Documents/GitHub/factory_api/nfc.js:71:26)
[2019-05-29T11:58:47.092] [DEBUG] xiaomu - Areas API Init...
[2019-05-29T11:58:47.102] [DEBUG] xiaomu - Bugs API Init...
[2019-05-29T11:58:47.103] [DEBUG] xiaomu - Devices API Init...
[2019-05-29T11:58:47.106] [DEBUG] xiaomu - Device_Types API Init...
[2019-05-29T11:58:47.107] [DEBUG] xiaomu - Levels API Init...
[2019-05-29T11:58:47.108] [DEBUG] xiaomu - Nfcs API Init...
[2019-05-29T11:58:47.109] [DEBUG] xiaomu - Problems API Init...
[2019-05-29T11:58:47.110] [DEBUG] xiaomu - Records API Init...
[2019-05-29T11:58:47.110] [DEBUG] xiaomu - Samples API Init...
[2019-05-29T11:58:47.111] [DEBUG] xiaomu - Sms API Init...
[2019-05-29T11:58:47.122] [DEBUG] xiaomu - Tasks API Init...
[2019-05-29T11:58:47.123] [DEBUG] xiaomu - Users API Init...
[2019-05-29T11:58:47.125] [DEBUG] xiaomu - app started at port 3009...
[2019-05-29T12:00:40.511] [DEBUG] xiaomu - Areas API Init...
[2019-05-29T12:00:40.520] [DEBUG] xiaomu - Bugs API Init...
[2019-05-29T12:00:40.521] [DEBUG] xiaomu - Devices API Init...
[2019-05-29T12:00:40.522] [DEBUG] xiaomu - Device_Types API Init...
[2019-05-29T12:00:40.524] [DEBUG] xiaomu - Levels API Init...
[2019-05-29T12:00:40.526] [DEBUG] xiaomu - Nfcs API Init...
[2019-05-29T12:00:40.528] [DEBUG] xiaomu - Problems API Init...
[2019-05-29T12:00:40.529] [DEBUG] xiaomu - Records API Init...
[2019-05-29T12:00:40.530] [DEBUG] xiaomu - Samples API Init...
[2019-05-29T12:00:40.531] [DEBUG] xiaomu - Sms API Init...
[2019-05-29T12:00:40.541] [DEBUG] xiaomu - Tasks API Init...
[2019-05-29T12:00:40.543] [DEBUG] xiaomu - Users API Init...
[2019-05-29T12:00:40.545] [DEBUG] xiaomu - app started at port 3009...
[2019-05-29T12:00:45.394] [DEBUG] xiaomu - nfc表中存在这个卡的数据_id是： 0
[2019-05-29T12:02:28.804] [DEBUG] xiaomu - nfc表中存在这个卡的数据_id是： 0
[2019-05-29T12:02:28.822] [DEBUG] xiaomu - deviceInfo:: Instance {
  dataValues:
   { id: 0,
     nfc_id: 0,
     name: '方超蛋糕卡测试设备',
     remark: null,
     type_id: 1,
     area_id: 1,
     status: 3,
     createdAt: null,
     updatedAt: null },
  _previousDataValues:
   { id: 0,
     nfc_id: 0,
     name: '方超蛋糕卡测试设备',
     remark: null,
     type_id: 1,
     area_id: 1,
     status: 3,
     createdAt: null,
     updatedAt: null },
  _changed: {},
  '$modelOptions':
   { timestamps: true,
     instanceMethods: {},
     classMethods: {},
     validate: {},
     freezeTableName: false,
     underscored: false,
     underscoredAll: false,
     paranoid: false,
     rejectOnEmpty: false,
     whereCollection: { nfc_id: 0 },
     schema: null,
     schemaDelimiter: '',
     defaultScope: {},
     scopes: [],
     hooks: {},
     indexes: [],
     name: { plural: 'devices', singular: 'device' },
     omitNul: false,
     sequelize:
      Sequelize {
        options: [Object],
        config: [Object],
        dialect: [MysqlDialect],
        models: [Object],
        modelManager: [ModelManager],
        connectionManager: [ConnectionManager],
        importCache: {},
        test: [Object],
        queryInterface: [QueryInterface] },
     uniqueKeys: {},
     hasPrimaryKeys: true },
  '$options':
   { isNewRecord: false,
     '$schema': null,
     '$schemaDelimiter': '',
     raw: true,
     attributes:
      [ 'id',
        'nfc_id',
        'name',
        'remark',
        'type_id',
        'area_id',
        'status',
        'createdAt',
        'updatedAt' ] },
  hasPrimaryKeys: true,
  __eagerlyLoadedAssociations: [],
  isNewRecord: false }
[2019-05-29T12:05:31.718] [DEBUG] xiaomu - Areas API Init...
[2019-05-29T12:05:31.729] [DEBUG] xiaomu - Bugs API Init...
[2019-05-29T12:05:31.730] [DEBUG] xiaomu - Devices API Init...
[2019-05-29T12:05:31.731] [DEBUG] xiaomu - Device_Types API Init...
[2019-05-29T12:05:31.732] [DEBUG] xiaomu - Levels API Init...
[2019-05-29T12:05:31.732] [DEBUG] xiaomu - Nfcs API Init...
[2019-05-29T12:05:31.733] [DEBUG] xiaomu - Problems API Init...
[2019-05-29T12:05:31.734] [DEBUG] xiaomu - Records API Init...
[2019-05-29T12:05:31.735] [DEBUG] xiaomu - Samples API Init...
[2019-05-29T12:05:31.735] [DEBUG] xiaomu - Sms API Init...
[2019-05-29T12:05:31.746] [DEBUG] xiaomu - Tasks API Init...
[2019-05-29T12:05:31.747] [DEBUG] xiaomu - Users API Init...
[2019-05-29T12:05:31.749] [DEBUG] xiaomu - app started at port 3009...
[2019-05-29T12:05:49.078] [DEBUG] xiaomu - Areas API Init...
[2019-05-29T12:05:49.085] [DEBUG] xiaomu - Bugs API Init...
[2019-05-29T12:05:49.086] [DEBUG] xiaomu - Devices API Init...
[2019-05-29T12:05:49.089] [DEBUG] xiaomu - Device_Types API Init...
[2019-05-29T12:05:49.090] [DEBUG] xiaomu - Levels API Init...
[2019-05-29T12:05:49.091] [DEBUG] xiaomu - Nfcs API Init...
[2019-05-29T12:05:49.093] [DEBUG] xiaomu - Problems API Init...
[2019-05-29T12:05:49.094] [DEBUG] xiaomu - Records API Init...
[2019-05-29T12:05:49.095] [DEBUG] xiaomu - Samples API Init...
[2019-05-29T12:05:49.096] [DEBUG] xiaomu - Sms API Init...
[2019-05-29T12:05:49.104] [DEBUG] xiaomu - Tasks API Init...
[2019-05-29T12:05:49.104] [DEBUG] xiaomu - Users API Init...
[2019-05-29T12:05:49.106] [DEBUG] xiaomu - app started at port 3009...
